<?xml version="1.0" encoding="UTF-8"?>
<!-- Generated by org.testng.reporters.JUnitReportReporter -->
<testsuite hostname="DESKTOP-2LBJ666" failures="0" tests="1" name="com.automation.testcases.TC_TestCasePageTest" time="1.124" errors="0" timestamp="2024-07-17T15:25:00 JST" skipped="0">
  <testcase classname="com.automation.testcases.TC_TestCasePageTest" name="verifytestcasepagenavigate" time="1.124"/>
</testsuite> <!-- com.automation.testcases.TC_TestCasePageTest -->
