<?xml version="1.0" encoding="UTF-8"?>
<!-- Generated by org.testng.reporters.JUnitReportReporter -->
<testsuite hostname="DESKTOP-2LBJ666" failures="0" tests="5" name="com.automation.testcases.TC_LoginPageTest" time="33.310" errors="0" timestamp="2024-07-19T13:34:38 JST" skipped="0">
  <testcase classname="com.automation.testcases.TC_LoginPageTest" name="verifyRegistration" time="14.580"/>
  <testcase classname="com.automation.testcases.TC_LoginPageTest" name="VerifyValidlogin" time="5.841"/>
  <testcase classname="com.automation.testcases.TC_LoginPageTest" name="VerifyInValidlogin" time="3.821"/>
  <testcase classname="com.automation.testcases.TC_LoginPageTest" name="VerifyLogout" time="5.536"/>
  <testcase classname="com.automation.testcases.TC_LoginPageTest" name="VerifyRegisterUserwithExistingEmail" time="3.532"/>
</testsuite> <!-- com.automation.testcases.TC_LoginPageTest -->
