<?xml version="1.0" encoding="UTF-8"?>
<!-- Generated by org.testng.reporters.JUnitReportReporter -->
<testsuite hostname="DESKTOP-2LBJ666" failures="0" tests="1" name="com.automation.testcases.TC_BrandPageTest" time="3.112" errors="0" timestamp="2024-07-19T13:34:38 JST" skipped="0">
  <testcase classname="com.automation.testcases.TC_BrandPageTest" name="VerifyViewbrandProduct" time="3.112"/>
</testsuite> <!-- com.automation.testcases.TC_BrandPageTest -->
