<?xml version="1.0" encoding="UTF-8"?>
<!-- Generated by org.testng.reporters.JUnitReportReporter -->
<testsuite hostname="DESKTOP-2LBJ666" failures="0" tests="2" name="com.automation.testcases.TC_ProductPageTest" time="7.115" errors="0" timestamp="2024-07-19T13:34:38 JST" skipped="0">
  <testcase classname="com.automation.testcases.TC_ProductPageTest" name="verifysearchproducts" time="3.351"/>
  <testcase classname="com.automation.testcases.TC_ProductPageTest" name="verifyallproductsandproductdetails" time="3.764"/>
</testsuite> <!-- com.automation.testcases.TC_ProductPageTest -->
