<?xml version="1.0" encoding="UTF-8"?>
<!-- Generated by org.testng.reporters.JUnitReportReporter -->
<testsuite hostname="DESKTOP-2LBJ666" failures="0" tests="1" name="com.automation.testcases.TC_BrandPageTest" time="1.577" errors="0" timestamp="2024-07-18T11:35:03 JST" skipped="0">
  <testcase classname="com.automation.testcases.TC_BrandPageTest" name="VerifyViewbrandProduct" time="1.577"/>
</testsuite> <!-- com.automation.testcases.TC_BrandPageTest -->
